<?xml version="1.0" encoding="UTF-8"?>
<!-- Generated by org.testng.reporters.JUnitXMLReporter -->
<testsuite ignored="3" hostname="DESKTOP-JG4CIEP" failures="0" tests="1" name="Card" time="0.011" errors="0" timestamp="2023-08-02T14:26:25 IST">
  <testcase classname="ecommerce.Card" name="giftcard" time="0.004"/>
  <testcase classname="ecommerce.Card" name="creditcard" time="0.0">
    <ignored/>
  </testcase> <!-- creditcard -->
  <testcase classname="ecommerce.Card" name="debitcard" time="0.0">
    <ignored/>
  </testcase> <!-- debitcard -->
  <testcase classname="ecommerce.Card" name="cod" time="0.0">
    <ignored/>
  </testcase> <!-- cod -->
</testsuite> <!-- Card -->
