<?xml version="1.0" encoding="UTF-8"?>
<!-- Generated by org.testng.reporters.JUnitXMLReporter -->
<testsuite ignored="0" hostname="DESKTOP-JG4CIEP" failures="0" tests="11" name="Prod" time="0.137" errors="0" timestamp="2023-08-02T15:02:10 IST">
  <testcase classname="ecommerce.Card" name="cod" time="0.011"/>
  <testcase classname="ecommerce.Card" name="creditcard" time="0.002"/>
  <testcase classname="ecommerce.Card" name="debitcard" time="0.003"/>
  <testcase classname="ecommerce.Card" name="giftcard" time="0.002"/>
  <testcase classname="ecommerce.Company" name="earbudsIphone" time="0.005"/>
  <testcase classname="ecommerce.Company" name="mobileOnePlus" time="0.004"/>
  <testcase classname="ecommerce.Company" name="mobileSamsung" time="0.003"/>
  <testcase classname="ecommerce.Product" name="ac" time="0.003"/>
  <testcase classname="ecommerce.Product" name="laptop" time="0.004"/>
  <testcase classname="ecommerce.Product" name="mobile" time="0.004"/>
  <testcase classname="ecommerce.Product" name="tv" time="0.005"/>
</testsuite> <!-- Prod -->
