<?xml version="1.0" encoding="UTF-8"?>
<!-- Generated by org.testng.reporters.JUnitXMLReporter -->
<testsuite ignored="3" hostname="DESKTOP-JG4CIEP" failures="0" tests="2" name="Product" time="0.059" errors="0" timestamp="2023-08-02T15:36:38 IST">
  <testcase classname="Pract.Ac" name="volta" time="0.011"/>
  <testcase classname="Pract.Mobile" name="ios" time="0.001"/>
  <testcase classname="Pract.Mobile" name="android" time="0.0">
    <ignored/>
  </testcase> <!-- android -->
  <testcase classname="Pract.Mobile" name="exnos" time="0.0">
    <ignored/>
  </testcase> <!-- exnos -->
  <testcase classname="Pract.Ac" name="lg" time="0.0">
    <ignored/>
  </testcase> <!-- lg -->
</testsuite> <!-- Product -->
