<?xml version="1.0" encoding="UTF-8"?>
<!-- Generated by org.testng.reporters.JUnitXMLReporter -->
<testsuite ignored="0" hostname="DESKTOP-JG4CIEP" failures="0" tests="4" name="Test" time="0.069" errors="0" timestamp="2023-08-02T12:55:26 IST">
  <testcase classname="ecommerce.Product" name="ac" time="0.011"/>
  <testcase classname="ecommerce.Product" name="laptop" time="0.002"/>
  <testcase classname="ecommerce.Product" name="mobile" time="0.001"/>
  <testcase classname="ecommerce.Product" name="tv" time="0.002"/>
</testsuite> <!-- Test -->
